2023-09-20T07:06:37.601-03:00  INFO 40221 --- [restartedMain] b.c.a.apistores.ApistoresApplication     : Starting ApistoresApplication using Java 17.0.8.1 with PID 40221 (/home/anderson/IdeaProjects/apistores/target/classes started by anderson in /home/anderson/IdeaProjects/apistores)
2023-09-20T07:06:37.618-03:00  INFO 40221 --- [restartedMain] b.c.a.apistores.ApistoresApplication     : No active profile set, falling back to 1 default profile: "default"
2023-09-20T07:06:37.697-03:00  INFO 40221 --- [restartedMain] .e.DevToolsPropertyDefaultsPostProcessor : Devtools property defaults active! Set 'spring.devtools.add-properties' to 'false' to disable
2023-09-20T07:06:37.697-03:00  INFO 40221 --- [restartedMain] .e.DevToolsPropertyDefaultsPostProcessor : For additional web related logging consider setting the 'logging.level.web' property to 'DEBUG'
2023-09-20T07:06:38.809-03:00  INFO 40221 --- [restartedMain] .s.d.r.c.RepositoryConfigurationDelegate : Bootstrapping Spring Data JPA repositories in DEFAULT mode.
2023-09-20T07:06:38.906-03:00  INFO 40221 --- [restartedMain] .s.d.r.c.RepositoryConfigurationDelegate : Finished Spring Data repository scanning in 88 ms. Found 6 JPA repository interfaces.
2023-09-20T07:06:39.777-03:00  INFO 40221 --- [restartedMain] o.s.b.w.embedded.tomcat.TomcatWebServer  : Tomcat initialized with port(s): 8080 (http)
2023-09-20T07:06:39.786-03:00  INFO 40221 --- [restartedMain] o.apache.catalina.core.StandardService   : Starting service [Tomcat]
2023-09-20T07:06:39.787-03:00  INFO 40221 --- [restartedMain] o.apache.catalina.core.StandardEngine    : Starting Servlet engine: [Apache Tomcat/10.1.12]
2023-09-20T07:06:39.859-03:00  INFO 40221 --- [restartedMain] o.a.c.c.C.[Tomcat].[localhost].[/]       : Initializing Spring embedded WebApplicationContext
2023-09-20T07:06:39.859-03:00  INFO 40221 --- [restartedMain] w.s.c.ServletWebServerApplicationContext : Root WebApplicationContext: initialization completed in 2161 ms
2023-09-20T07:06:40.006-03:00  INFO 40221 --- [restartedMain] o.f.c.internal.license.VersionPrinter    : Flyway Community Edition 9.5.1 by Redgate
2023-09-20T07:06:40.007-03:00  INFO 40221 --- [restartedMain] o.f.c.internal.license.VersionPrinter    : See what's new here: https://flywaydb.org/documentation/learnmore/releaseNotes#9.5.1
2023-09-20T07:06:40.011-03:00  INFO 40221 --- [restartedMain] o.f.c.internal.license.VersionPrinter    : 
2023-09-20T07:06:40.023-03:00  INFO 40221 --- [restartedMain] com.zaxxer.hikari.HikariDataSource       : HikariPool-1 - Starting...
2023-09-20T07:06:40.382-03:00  INFO 40221 --- [restartedMain] com.zaxxer.hikari.pool.HikariPool        : HikariPool-1 - Added connection org.postgresql.jdbc.PgConnection@13a90731
2023-09-20T07:06:40.384-03:00  INFO 40221 --- [restartedMain] com.zaxxer.hikari.HikariDataSource       : HikariPool-1 - Start completed.
2023-09-20T07:06:40.403-03:00  INFO 40221 --- [restartedMain] o.f.c.i.database.base.BaseDatabaseType   : Database: jdbc:postgresql://localhost:5432/apistore (PostgreSQL 14.9)
2023-09-20T07:06:40.469-03:00  INFO 40221 --- [restartedMain] o.f.core.internal.command.DbValidate     : Successfully validated 7 migrations (execution time 00:00.036s)
2023-09-20T07:06:40.509-03:00  INFO 40221 --- [restartedMain] o.f.core.internal.command.DbMigrate      : Current version of schema "public": 7
2023-09-20T07:06:40.509-03:00  INFO 40221 --- [restartedMain] o.f.core.internal.command.DbMigrate      : Schema "public" is up to date. No migration necessary.
2023-09-20T07:06:40.665-03:00  INFO 40221 --- [restartedMain] o.hibernate.jpa.internal.util.LogHelper  : HHH000204: Processing PersistenceUnitInfo [name: default]
2023-09-20T07:06:40.739-03:00  INFO 40221 --- [restartedMain] org.hibernate.Version                    : HHH000412: Hibernate ORM core version 6.1.7.Final
2023-09-20T07:06:40.994-03:00  INFO 40221 --- [restartedMain] SQL dialect                              : HHH000400: Using dialect: org.hibernate.dialect.PostgreSQLDialect
2023-09-20T07:06:41.677-03:00  INFO 40221 --- [restartedMain] o.h.e.t.j.p.i.JtaPlatformInitiator       : HHH000490: Using JtaPlatform implementation: [org.hibernate.engine.transaction.jta.platform.internal.NoJtaPlatform]
2023-09-20T07:06:41.687-03:00  INFO 40221 --- [restartedMain] j.LocalContainerEntityManagerFactoryBean : Initialized JPA EntityManagerFactory for persistence unit 'default'
2023-09-20T07:06:42.072-03:00  WARN 40221 --- [restartedMain] JpaBaseConfiguration$JpaWebConfiguration : spring.jpa.open-in-view is enabled by default. Therefore, database queries may be performed during view rendering. Explicitly configure spring.jpa.open-in-view to disable this warning
2023-09-20T07:06:42.338-03:00  INFO 40221 --- [restartedMain] o.s.b.d.a.OptionalLiveReloadServer       : LiveReload server is running on port 35729
2023-09-20T07:06:42.380-03:00  INFO 40221 --- [restartedMain] o.s.b.w.embedded.tomcat.TomcatWebServer  : Tomcat started on port(s): 8080 (http) with context path ''
2023-09-20T07:06:42.393-03:00  INFO 40221 --- [restartedMain] b.c.a.apistores.ApistoresApplication     : Started ApistoresApplication in 5.434 seconds (process running for 6.43)
2023-09-20T07:07:22.488-03:00  INFO 40221 --- [http-nio-8080-exec-2] o.a.c.c.C.[Tomcat].[localhost].[/]       : Initializing Spring DispatcherServlet 'dispatcherServlet'
2023-09-20T07:07:22.488-03:00  INFO 40221 --- [http-nio-8080-exec-2] o.s.web.servlet.DispatcherServlet        : Initializing Servlet 'dispatcherServlet'
2023-09-20T07:07:22.490-03:00  INFO 40221 --- [http-nio-8080-exec-2] o.s.web.servlet.DispatcherServlet        : Completed initialization in 1 ms
